Warning: program compiled against libxml 212 using older 209
CUSTOMER-REPORTER: Starting customer report generation...
CUSTOMER-REPORTER: ==================================
Customer #00001:
  ID: 12345
  Name: JOHN DOE
  Address: 123 MAIN ST ANYTOWN ST 12345
  ----------------------------------
Customer #00002:
  ID: 12346
  Name: JANE SMITH
  Address: 456 OAK AVE SOMEWHERE ST 67890
  ----------------------------------
Customer #00003:
  ID: 12347
  Name: BOB JOHNSON
  Address: 789 ELM ST NOWHERE ST 54321
  ----------------------------------
CUSTOMER-REPORTER: ==================================
CUSTOMER-REPORTER: Report generation completed
CUSTOMER-REPORTER: Total customers processed: 00003
CUSTOMER-REPORTER: Report ready for management review
