2025-10-22 10:03:22 [CICS] STARTUP: CICS region CICSPROD started
2025-10-22 10:03:22 [CICS] STARTUP: Region CICSPROD starting on port 3270
2025-10-23 11:20:53 [T002] SIGNON: Terminal session started
2025-10-24 10:00:44 [T002] SIGNON: Terminal session started
2025-10-24 11:09:35 [CICS] STARTUP: Region CICSPROD starting on port 3270
2025-10-24 11:09:40 [T002] SIGNON: Terminal session started
2025-10-24 11:11:07 [T003] SIGNON: Terminal session started
2025-10-24 11:13:21 [T004] SIGNON: Terminal session started
2025-10-24 11:25:17 [CICS] STARTUP: Region CICSPROD starting on port 3270
2025-10-24 11:25:28 [CICS] SHUTDOWN: Region CICSPROD shutting down
2025-10-24 11:25:49 [CICS] STARTUP: Region CICSPROD starting on port 3270
2025-10-24 11:26:54 [CICS] STARTUP: Region CICSPROD starting on port 3270
2025-10-24 11:27:00 [T002] SIGNON: Terminal session started
2025-10-24 11:28:41 [T003] SIGNON: Terminal session started
2025-10-24 11:29:30 [T004] SIGNON: Terminal session started
2025-10-24 11:33:07 [T002] SIGNOFF: Terminal session ended
2025-10-24 11:33:12 [T003] SIGNOFF: Terminal session ended
2025-10-24 11:33:16 [T004] SIGNOFF: Terminal session ended
2025-10-24 12:03:34 [CICS] STARTUP: Region CICSPROD starting on port 3270
2025-10-24 12:04:26 [T003] SIGNON: Terminal session started
2025-10-24 12:07:17 [T003] SIGNOFF: Terminal session ended
