2025-10-22 10:10:27 T001  CESF SIGNOFF RC=0
2025-10-22 10:15:20 T001 STUDENT01 CESN SIGNON RC=0
2025-10-22 10:15:50 T001 STUDENT01 BANK COMPLETE RC=0
2025-10-22 10:16:33 T001 STUDENT01 ACCT COMPLETE RC=0
2025-10-22 10:39:44 T001 STUDENT01 CESF SIGNOFF RC=0
2025-10-23 08:36:29 T001  ./CICS_SIMULATOR.SH NOTFOUND RC=4
2025-10-23 08:36:47 T001  CESF SIGNOFF RC=0
2025-10-23 08:39:10 T001 ADMIN01 CESN SIGNON RC=0
2025-10-23 08:39:28 T001 ADMIN01 MENU COMPLETE RC=0
2025-10-23 08:40:26 T001 ADMIN01 BANK COMPLETE RC=0
2025-10-23 08:40:49 T001 ADMIN01 CUST COMPLETE RC=0
2025-10-23 08:41:32 T001 ADMIN01 CUST COMPLETE RC=0
2025-10-23 08:42:08 T001 ADMIN01 ACCT COMPLETE RC=0
2025-10-23 08:42:44 T001 ADMIN01 CEMT COMPLETE RC=4
2025-10-23 08:43:02 T001 ADMIN01 CEMT COMPLETE RC=0
2025-10-23 08:43:31 T001 ADMIN01 CEMT COMPLETE RC=0
2025-10-23 08:43:46 T001 ADMIN01 CEMT COMPLETE RC=0
2025-10-23 08:45:28 T001 ADMIN01 XXXX NOTFOUND RC=4
2025-10-23 08:45:42 T001 ADMIN01 TEST NOTFOUND RC=4
2025-10-24 10:01:33 T002 ADMIN01 CESN SIGNON RC=0
2025-10-24 10:01:52 T002 ADMIN01 MENU COMPLETE RC=0
2025-10-24 10:02:17 T002 ADMIN01 BANK COMPLETE RC=0
2025-10-24 10:02:35 T002 ADMIN01 CUST COMPLETE RC=0
2025-10-24 10:02:57 T002 ADMIN01 ACCT COMPLETE RC=0
2025-10-24 10:03:10 T002 ADMIN01 CEMT COMPLETE RC=0
2025-10-24 10:03:20 T002 ADMIN01 CEMT COMPLETE RC=0
2025-10-24 10:03:30 T002 ADMIN01 CEMT COMPLETE RC=0
2025-10-24 10:03:52 T002 ADMIN01 XXXX NOTFOUND RC=4
2025-10-24 10:04:05 T002 ADMIN01 TEST NOTFOUND RC=4
2025-10-24 11:10:10 T002 ADMIN01 CESN SIGNON RC=0
2025-10-24 11:11:27 T003 OPERATOR01 CESN SIGNON RC=0
2025-10-24 11:11:44 T002 ADMIN01 MENU COMPLETE RC=0
2025-10-24 11:12:10 T002 ADMIN01 CEMT COMPLETE RC=0
2025-10-24 11:12:41 T003 OPERATOR01 BANK COMPLETE RC=0
2025-10-24 11:13:40 T004 USER01 CESN SIGNON RC=0
2025-10-24 11:13:57 T004 USER01 CUST COMPLETE RC=0
2025-10-24 11:18:09 T002 ADMIN01 CEMT COMPLETE RC=0
2025-10-24 11:18:38 T002 ADMIN01 CEMT COMPLETE RC=0
2025-10-24 11:27:26 T002 ADMIN01 CESN SIGNON RC=0
2025-10-24 11:27:37 T002 ADMIN01 MENU COMPLETE RC=0
2025-10-24 11:28:10 T002 ADMIN01 CEMT COMPLETE RC=0
2025-10-24 11:28:52 T003  OPERATOR01 NOTFOUND RC=4
2025-10-24 11:29:14 T003  BANK COMPLETE RC=0
2025-10-24 11:29:47 T004 USER01 CESN SIGNON RC=0
2025-10-24 11:29:55 T004 USER01 CUST COMPLETE RC=0
2025-10-24 11:32:07 T002 ADMIN01 CEMT COMPLETE RC=0
2025-10-24 11:32:35 T002 ADMIN01 CEMT COMPLETE RC=0
2025-10-24 11:33:07 T002 ADMIN01 CESF SIGNOFF RC=0
2025-10-24 11:33:12 T003  CESF SIGNOFF RC=0
2025-10-24 11:33:16 T004 USER01 CESF SIGNOFF RC=0
2025-10-24 12:04:55 T003 OPERATOR01 CESN SIGNON RC=0
2025-10-24 12:05:28 T003 OPERATOR01 BANK COMPLETE RC=0
2025-10-24 12:07:17 T003 OPERATOR01 CESF SIGNOFF RC=0
